-------------------------------------------------------------------------------
Test set: order.accept.OrderAcceptTest
-------------------------------------------------------------------------------
Tests run: 1, Failures: 1, Errors: 0, Skipped: 0, Time elapsed: 1.01 s <<< FAILURE! - in order.accept.OrderAcceptTest
checkOrderCanBeAcceptedByCourier(order.accept.OrderAcceptTest)  Time elapsed: 1.002 s  <<< FAILURE!
java.lang.AssertionError: 

Expected: "Иван"
     but: was null
	at order.accept.OrderAcceptTest.checkOrderCanBeAcceptedByCourier(OrderAcceptTest.java:58)

