<?xml version="1.0" encoding="UTF-8"?>
<testsuite xmlns:xsi="http://www.w3.org/2001/XMLSchema-instance" xsi:noNamespaceSchemaLocation="https://maven.apache.org/surefire/maven-surefire-plugin/xsd/surefire-test-report.xsd" name="order.create.OrdersCreateTest" time="1.84" tests="4" errors="0" skipped="0" failures="0">
  <properties>
[...]
</properties>
  <testcase name="checkNewOrderCanBeCreated[0: цвет самоката:  и ]" classname="order.create.OrdersCreateTest" time="0.421"/>
  <testcase name="checkNewOrderCanBeCreated[1: цвет самоката: BLACK и ]" classname="order.create.OrdersCreateTest" time="0.42"/>
  <testcase name="checkNewOrderCanBeCreated[2: цвет самоката:  и GREY]" classname="order.create.OrdersCreateTest" time="0.519"/>
  <testcase name="checkNewOrderCanBeCreated[3: цвет самоката: BLACK и GREY]" classname="order.create.OrdersCreateTest" time="0.48"/>
</testsuite>